<?xml version="1.0" encoding="UTF-8" ?>
<testsuite tests="7" failures="6" name="ciphers.TranspositionMatrixATest" time="0.038" errors="0" skipped="0">
  <properties>
[...]
</properties>
  <testcase classname="ciphers.TranspositionMatrixATest" name="ciphers.TranspositionMatrixATest.testEncode" time="0.036">
    <failure message="expected: &lt;LADAMNZTYCYK&gt; but was: &lt;LMDAANCTZYYK&gt;" type="org.opentest4j.AssertionFailedError">org.opentest4j.AssertionFailedError: expected: &lt;LADAMNZTYCYK&gt; but was: &lt;LMDAANCTZYYK&gt;
	at org.junit.jupiter.api.AssertionUtils.fail(AssertionUtils.java:55)
	at org.junit.jupiter.api.AssertionUtils.failNotEqual(AssertionUtils.java:62)
	at org.junit.jupiter.api.AssertEquals.assertEquals(AssertEquals.java:182)
	at org.junit.jupiter.api.AssertEquals.assertEquals(AssertEquals.java:177)
	at org.junit.jupiter.api.Assertions.assertEquals(Assertions.java:1124)
	at ciphers.TranspositionMatrixATest.testEncode(TranspositionMatrixATest.java:25)
</failure>
  </testcase>
  <testcase classname="ciphers.TranspositionMatrixATest" name="ciphers.TranspositionMatrixATest.testDecode" time="0">
    <failure message="expected: &lt;DALAMTZNYCYK&gt; but was: &lt;DALMATYNCZYK&gt;" type="org.opentest4j.AssertionFailedError">org.opentest4j.AssertionFailedError: expected: &lt;DALAMTZNYCYK&gt; but was: &lt;DALMATYNCZYK&gt;
	at org.junit.jupiter.api.AssertionUtils.fail(AssertionUtils.java:55)
	at org.junit.jupiter.api.AssertionUtils.failNotEqual(AssertionUtils.java:62)
	at org.junit.jupiter.api.AssertEquals.assertEquals(AssertEquals.java:182)
	at org.junit.jupiter.api.AssertEquals.assertEquals(AssertEquals.java:177)
	at org.junit.jupiter.api.Assertions.assertEquals(Assertions.java:1124)
	at ciphers.TranspositionMatrixATest.testDecode(TranspositionMatrixATest.java:31)
</failure>
  </testcase>
  <testcase classname="ciphers.TranspositionMatrixATest" name="ciphers.TranspositionMatrixATest.testMatrixA" time="0"/>
  <testcase classname="ciphers.TranspositionMatrixATest" name="ciphers.TranspositionMatrixATest.testEncode2" time="0">
    <failure message="expected: &lt;CAOWZKIRENICEMEKI&gt; but was: &lt;CZOAWKNRIEIEECMKI&gt;" type="org.opentest4j.AssertionFailedError">org.opentest4j.AssertionFailedError: expected: &lt;CAOWZKIRENICEMEKI&gt; but was: &lt;CZOAWKNRIEIEECMKI&gt;
	at org.junit.jupiter.api.AssertionUtils.fail(AssertionUtils.java:55)
	at org.junit.jupiter.api.AssertionUtils.failNotEqual(AssertionUtils.java:62)
	at org.junit.jupiter.api.AssertEquals.assertEquals(AssertEquals.java:182)
	at org.junit.jupiter.api.AssertEquals.assertEquals(AssertEquals.java:177)
	at org.junit.jupiter.api.Assertions.assertEquals(Assertions.java:1124)
	at ciphers.TranspositionMatrixATest.testEncode2(TranspositionMatrixATest.java:57)
</failure>
  </testcase>
  <testcase classname="ciphers.TranspositionMatrixATest" name="ciphers.TranspositionMatrixATest.testDecode1" time="0">
    <failure message="expected: &lt;LABARORD&gt; but was: &lt;LABRADOR&gt;" type="org.opentest4j.AssertionFailedError">org.opentest4j.AssertionFailedError: expected: &lt;LABARORD&gt; but was: &lt;LABRADOR&gt;
	at org.junit.jupiter.api.AssertionUtils.fail(AssertionUtils.java:55)
	at org.junit.jupiter.api.AssertionUtils.failNotEqual(AssertionUtils.java:62)
	at org.junit.jupiter.api.AssertEquals.assertEquals(AssertEquals.java:182)
	at org.junit.jupiter.api.AssertEquals.assertEquals(AssertEquals.java:177)
	at org.junit.jupiter.api.Assertions.assertEquals(Assertions.java:1124)
	at ciphers.TranspositionMatrixATest.testDecode1(TranspositionMatrixATest.java:51)
</failure>
  </testcase>
  <testcase classname="ciphers.TranspositionMatrixATest" name="ciphers.TranspositionMatrixATest.testEncode1" time="0.001">
    <failure message="expected: &lt;BALARRDO&gt; but was: &lt;BRLAARDO&gt;" type="org.opentest4j.AssertionFailedError">org.opentest4j.AssertionFailedError: expected: &lt;BALARRDO&gt; but was: &lt;BRLAARDO&gt;
	at org.junit.jupiter.api.AssertionUtils.fail(AssertionUtils.java:55)
	at org.junit.jupiter.api.AssertionUtils.failNotEqual(AssertionUtils.java:62)
	at org.junit.jupiter.api.AssertEquals.assertEquals(AssertEquals.java:182)
	at org.junit.jupiter.api.AssertEquals.assertEquals(AssertEquals.java:177)
	at org.junit.jupiter.api.Assertions.assertEquals(Assertions.java:1124)
	at ciphers.TranspositionMatrixATest.testEncode1(TranspositionMatrixATest.java:45)
</failure>
  </testcase>
  <testcase classname="ciphers.TranspositionMatrixATest" name="ciphers.TranspositionMatrixATest.testDecode2" time="0.001">
    <failure message="expected: &lt;OACWZRIKENECIMEKI&gt; but was: &lt;OWCZAREKNIEMIECKI&gt;" type="org.opentest4j.AssertionFailedError">org.opentest4j.AssertionFailedError: expected: &lt;OACWZRIKENECIMEKI&gt; but was: &lt;OWCZAREKNIEMIECKI&gt;
	at org.junit.jupiter.api.AssertionUtils.fail(AssertionUtils.java:55)
	at org.junit.jupiter.api.AssertionUtils.failNotEqual(AssertionUtils.java:62)
	at org.junit.jupiter.api.AssertEquals.assertEquals(AssertEquals.java:182)
	at org.junit.jupiter.api.AssertEquals.assertEquals(AssertEquals.java:177)
	at org.junit.jupiter.api.Assertions.assertEquals(Assertions.java:1124)
	at ciphers.TranspositionMatrixATest.testDecode2(TranspositionMatrixATest.java:63)
</failure>
  </testcase>
</testsuite>